<?xml version="1.0" encoding="UTF-8"?>
<!-- Generated by org.testng.reporters.JUnitReportReporter -->
<testsuite skipped="0" hostname="Manojs-MacBook-Pro.local" name="com.salesforce.testcases.ProfilesPageTest" tests="4" failures="0" timestamp="04 Mar 2019 03:57:36 GMT" time="77.955" errors="0">
  <testcase name="validateProfilesPageTitleTest" time="13.783" classname="com.salesforce.testcases.ProfilesPageTest"/>
  <testcase name="UpdateProfileTest" time="18.865" classname="com.salesforce.testcases.ProfilesPageTest"/>
  <testcase name="SharePostTest" time="20.255" classname="com.salesforce.testcases.ProfilesPageTest"/>
  <testcase name="UpLoadPictureTest" time="25.052" classname="com.salesforce.testcases.ProfilesPageTest"/>
</testsuite> <!-- com.salesforce.testcases.ProfilesPageTest -->
