<?xml version="1.0" encoding="UTF-8"?>
<!-- Generated by org.testng.reporters.JUnitReportReporter -->
<testsuite skipped="0" hostname="Manojs-MacBook-Pro.local" name="com.salesforce.testcases.AccountsPageTest" tests="5" failures="0" timestamp="04 Mar 2019 03:57:41 GMT" time="96.475" errors="0">
  <testcase name="NewAccountTest" time="25.729" classname="com.salesforce.testcases.AccountsPageTest"/>
  <testcase name="MergeAccounts" time="15.115" classname="com.salesforce.testcases.AccountsPageTest"/>
  <testcase name="NewViewTest" time="16.496" classname="com.salesforce.testcases.AccountsPageTest"/>
  <testcase name="AccountLastActivityTest" time="18.629" classname="com.salesforce.testcases.AccountsPageTest"/>
  <testcase name="validateAccountsPageTitleTest" time="20.506" classname="com.salesforce.testcases.AccountsPageTest"/>
</testsuite> <!-- com.salesforce.testcases.AccountsPageTest -->
