<?xml version="1.0" encoding="UTF-8"?>
<!-- Generated by org.testng.reporters.JUnitReportReporter -->
<testsuite skipped="0" hostname="Manojs-MacBook-Pro.local" name="com.salesforce.testcases.HomePageTest" tests="2" failures="0" timestamp="04 Mar 2019 03:57:46 GMT" time="28.376" errors="0">
  <testcase name="LogOut" time="11.742" classname="com.salesforce.testcases.HomePageTest"/>
  <testcase name="validateHomePageTitleTest" time="16.634" classname="com.salesforce.testcases.HomePageTest"/>
</testsuite> <!-- com.salesforce.testcases.HomePageTest -->
